<?xml version="1.0" encoding="UTF-8"?>
<testsuite xmlns:xsi="http://www.w3.org/2001/XMLSchema-instance" xsi:noNamespaceSchemaLocation="https://maven.apache.org/surefire/maven-surefire-plugin/xsd/surefire-test-report.xsd" version="3.0.2" name="com.portal.LoginTest" time="0.309" tests="4" errors="0" skipped="0" failures="0">
  <properties>
[...]
</properties>
  <testcase name="wrongUsernameShouldDenyLogin" classname="com.portal.LoginTest" time="0.256">
    <system-err><![CDATA[SLF4J(W): No SLF4J providers were found.
SLF4J(W): Defaulting to no-operation (NOP) logger implementation
SLF4J(W): See https://www.slf4j.org/codes.html#noProviders for further details.
]]></system-err>
  </testcase>
  <testcase name="correctCredentialsShouldAllowLogin" classname="com.portal.LoginTest" time="0.008"/>
  <testcase name="unknownUserShouldFail" classname="com.portal.LoginTest" time="0.005"/>
  <testcase name="wrongPasswordShouldDenyLogin" classname="com.portal.LoginTest" time="0.002"/>
</testsuite>